[0m09:30:34.206341 [debug] [MainThread]: Sending event: {'category': 'dbt', 'action': 'invocation', 'label': 'start', 'context': [<snowplow_tracker.self_describing_json.SelfDescribingJson object at 0x1104946e0>, <snowplow_tracker.self_describing_json.SelfDescribingJson object at 0x11133b9d0>, <snowplow_tracker.self_describing_json.SelfDescribingJson object at 0x11133bc50>]}


============================== 09:30:34.210694 | ac4aa509-bf9c-4a45-981d-18e1c680c92c ==============================
[0m09:30:34.210694 [info ] [MainThread]: Running with dbt=1.11.0-b3
[0m09:30:34.211081 [debug] [MainThread]: running dbt with arguments {'indirect_selection': 'eager', 'no_print': 'None', 'printer_width': '80', 'send_anonymous_usage_stats': 'True', 'profiles_dir': '/Users/tolgasabanoglu/.dbt', 'quiet': 'False', 'log_cache_events': 'False', 'use_colors': 'True', 'cache_selected_only': 'False', 'fail_fast': 'False', 'version_check': 'True', 'log_path': 'logs', 'target_path': 'None', 'use_experimental_parser': 'False', 'static_parser': 'True', 'introspect': 'True', 'invocation_command': 'dbt init which_lap_coffee', 'debug': 'False', 'warn_error_options': 'WarnErrorOptionsV2(error=[], warn=[], silence=[])', 'write_json': 'True', 'partial_parse': 'True', 'empty': 'None', 'log_format': 'default', 'warn_error': 'None'}
[0m09:30:34.219730 [info ] [MainThread]: Creating dbt configuration folder at /Users/tolgasabanoglu/.dbt
[0m09:30:34.220727 [debug] [MainThread]: Starter project path: /Users/tolgasabanoglu/Desktop/github/which-lap-coffee-should-i-visit/lapgee/lib/python3.13/site-packages/dbt/include/starter_project
[0m09:30:34.225684 [info ] [MainThread]: 
Your new dbt project "which_lap_coffee" was created!

For more information on how to configure the profiles.yml file,
please consult the dbt documentation here:

  https://docs.getdbt.com/docs/configure-your-profile

One more thing:

Need help? Don't hesitate to reach out to us via GitHub issues or on Slack:

  https://community.getdbt.com/

Happy modeling!

[0m09:30:34.226169 [info ] [MainThread]: Setting up your profile.
[0m09:33:51.578260 [info ] [MainThread]: Profile which_lap_coffee written to /Users/tolgasabanoglu/.dbt/profiles.yml using target's profile_template.yml and your supplied values. Run 'dbt debug' to validate the connection.
[0m09:33:51.591625 [debug] [MainThread]: Resource report: {"command_name": "init", "command_success": true, "command_wall_clock_time": 197.523, "process_in_blocks": "0", "process_kernel_time": 0.332426, "process_mem_max_rss": "370262016", "process_out_blocks": "0", "process_user_time": 1.761449}
[0m09:33:51.593905 [debug] [MainThread]: Command `dbt init` succeeded at 09:33:51.593324 after 197.53 seconds
[0m09:33:51.594529 [debug] [MainThread]: Sending event: {'category': 'dbt', 'action': 'invocation', 'label': 'end', 'context': [<snowplow_tracker.self_describing_json.SelfDescribingJson object at 0x131ed5a70>, <snowplow_tracker.self_describing_json.SelfDescribingJson object at 0x131eb28d0>, <snowplow_tracker.self_describing_json.SelfDescribingJson object at 0x131e17130>]}
[0m09:33:51.595104 [debug] [MainThread]: Flushing usage events
[0m09:33:52.138847 [debug] [MainThread]: An error was encountered while trying to flush usage events
[0m09:34:46.243336 [debug] [MainThread]: Sending event: {'category': 'dbt', 'action': 'invocation', 'label': 'start', 'context': [<snowplow_tracker.self_describing_json.SelfDescribingJson object at 0x111ce46e0>, <snowplow_tracker.self_describing_json.SelfDescribingJson object at 0x112b8b9d0>, <snowplow_tracker.self_describing_json.SelfDescribingJson object at 0x112b8bc50>]}


============================== 09:34:46.246915 | 10d169f9-588e-4d60-9b07-9e4a58d499cb ==============================
[0m09:34:46.246915 [info ] [MainThread]: Running with dbt=1.11.0-b3
[0m09:34:46.247270 [debug] [MainThread]: running dbt with arguments {'empty': 'None', 'partial_parse': 'True', 'fail_fast': 'False', 'invocation_command': 'dbt debug', 'log_path': 'logs', 'target_path': 'None', 'warn_error': 'None', 'debug': 'False', 'warn_error_options': 'WarnErrorOptionsV2(error=[], warn=[], silence=[])', 'no_print': 'None', 'indirect_selection': 'eager', 'log_cache_events': 'False', 'send_anonymous_usage_stats': 'True', 'quiet': 'False', 'log_format': 'default', 'static_parser': 'True', 'cache_selected_only': 'False', 'use_colors': 'True', 'use_experimental_parser': 'False', 'write_json': 'True', 'introspect': 'True', 'printer_width': '80', 'profiles_dir': '/Users/tolgasabanoglu/.dbt', 'version_check': 'True'}
[0m09:34:46.256866 [info ] [MainThread]: dbt version: 1.11.0-b3
[0m09:34:46.257143 [info ] [MainThread]: python version: 3.13.5
[0m09:34:46.257311 [info ] [MainThread]: python path: /Users/tolgasabanoglu/Desktop/github/which-lap-coffee-should-i-visit/lapgee/bin/python
[0m09:34:46.257459 [info ] [MainThread]: os info: macOS-26.0.1-x86_64-i386-64bit-Mach-O
[0m09:34:47.743854 [info ] [MainThread]: Using profiles dir at /Users/tolgasabanoglu/.dbt
[0m09:34:47.744157 [info ] [MainThread]: Using profiles.yml file at /Users/tolgasabanoglu/.dbt/profiles.yml
[0m09:34:47.744325 [info ] [MainThread]: Using dbt_project.yml file at /Users/tolgasabanoglu/Desktop/github/which-lap-coffee-should-i-visit/dbt_project.yml
[0m09:34:47.744476 [info ] [MainThread]: adapter type: bigquery
[0m09:34:47.744614 [info ] [MainThread]: adapter version: 1.10.2
[0m09:34:47.744763 [info ] [MainThread]: Configuration:
[0m09:34:47.744895 [info ] [MainThread]:   profiles.yml file [[32mOK found and valid[0m]
[0m09:34:47.745025 [info ] [MainThread]:   dbt_project.yml file [[31mERROR not found[0m]
[0m09:34:47.745158 [info ] [MainThread]: Required dependencies:
[0m09:34:47.745331 [debug] [MainThread]: Executing "git --help"
[0m09:34:47.808382 [debug] [MainThread]: STDOUT: "b"usage: git [-v | --version] [-h | --help] [-C <path>] [-c <name>=<value>]\n           [--exec-path[=<path>]] [--html-path] [--man-path] [--info-path]\n           [-p | --paginate | -P | --no-pager] [--no-replace-objects] [--bare]\n           [--git-dir=<path>] [--work-tree=<path>] [--namespace=<name>]\n           [--super-prefix=<path>] [--config-env=<name>=<envvar>]\n           <command> [<args>]\n\nThese are common Git commands used in various situations:\n\nstart a working area (see also: git help tutorial)\n   clone     Clone a repository into a new directory\n   init      Create an empty Git repository or reinitialize an existing one\n\nwork on the current change (see also: git help everyday)\n   add       Add file contents to the index\n   mv        Move or rename a file, a directory, or a symlink\n   restore   Restore working tree files\n   rm        Remove files from the working tree and from the index\n\nexamine the history and state (see also: git help revisions)\n   bisect    Use binary search to find the commit that introduced a bug\n   diff      Show changes between commits, commit and working tree, etc\n   grep      Print lines matching a pattern\n   log       Show commit logs\n   show      Show various types of objects\n   status    Show the working tree status\n\ngrow, mark and tweak your common history\n   branch    List, create, or delete branches\n   commit    Record changes to the repository\n   merge     Join two or more development histories together\n   rebase    Reapply commits on top of another base tip\n   reset     Reset current HEAD to the specified state\n   switch    Switch branches\n   tag       Create, list, delete or verify a tag object signed with GPG\n\ncollaborate (see also: git help workflows)\n   fetch     Download objects and refs from another repository\n   pull      Fetch from and integrate with another repository or a local branch\n   push      Update remote refs along with associated objects\n\n'git help -a' and 'git help -g' list available subcommands and some\nconcept guides. See 'git help <command>' or 'git help <concept>'\nto read about a specific subcommand or concept.\nSee 'git help git' for an overview of the system.\n""
[0m09:34:47.809038 [debug] [MainThread]: STDERR: "b''"
[0m09:34:47.809242 [info ] [MainThread]:  - git [[32mOK found[0m]

[0m09:34:47.809417 [info ] [MainThread]: Connection:
[0m09:34:47.809643 [info ] [MainThread]:   method: oauth
[0m09:34:47.809784 [info ] [MainThread]:   database: lap-coffee-476107
[0m09:34:47.809915 [info ] [MainThread]:   execution_project: lap-coffee-476107
[0m09:34:47.810048 [info ] [MainThread]:   schema: lap_locations_final_merged
[0m09:34:47.810175 [info ] [MainThread]:   location: US
[0m09:34:47.810302 [info ] [MainThread]:   priority: interactive
[0m09:34:47.810432 [info ] [MainThread]:   maximum_bytes_billed: None
[0m09:34:47.810558 [info ] [MainThread]:   impersonate_service_account: None
[0m09:34:47.810682 [info ] [MainThread]:   job_retry_deadline_seconds: None
[0m09:34:47.810811 [info ] [MainThread]:   job_retries: 1
[0m09:34:47.810933 [info ] [MainThread]:   job_creation_timeout_seconds: None
[0m09:34:47.811056 [info ] [MainThread]:   job_execution_timeout_seconds: 300
[0m09:34:47.811177 [info ] [MainThread]:   timeout_seconds: 300
[0m09:34:47.811301 [info ] [MainThread]:   client_id: None
[0m09:34:47.811422 [info ] [MainThread]:   token_uri: None
[0m09:34:47.811544 [info ] [MainThread]:   compute_region: None
[0m09:34:47.811664 [info ] [MainThread]:   dataproc_cluster_name: None
[0m09:34:47.811783 [info ] [MainThread]:   gcs_bucket: None
[0m09:34:47.811903 [info ] [MainThread]:   dataproc_batch: None
[0m09:34:47.812295 [info ] [MainThread]: Registered adapter: bigquery=1.10.2
[0m09:34:48.007079 [debug] [MainThread]: Acquiring new bigquery connection 'debug'
[0m09:34:48.007605 [debug] [MainThread]: On debug: select 1 as id
[0m09:34:48.007820 [debug] [MainThread]: Opening a new connection, currently in state init
[0m09:34:49.935973 [debug] [MainThread]: BigQuery adapter: https://console.cloud.google.com/bigquery?project=lap-coffee-476107&j=bq:US:ae6ab1aa-a213-4e32-a122-e0d42c0b1dea&page=queryresults
[0m09:34:50.510449 [info ] [MainThread]:   Connection test: [[32mOK connection ok[0m]

[0m09:34:50.511237 [info ] [MainThread]: [31m1 check failed:[0m
[0m09:34:50.511861 [info ] [MainThread]: Project loading failed for the following reason:
 project path </Users/tolgasabanoglu/Desktop/github/which-lap-coffee-should-i-visit/dbt_project.yml> not found

[0m09:34:50.519764 [debug] [MainThread]: Resource report: {"command_name": "debug", "command_success": false, "command_wall_clock_time": 4.333436, "process_in_blocks": "0", "process_kernel_time": 0.398403, "process_mem_max_rss": "387645440", "process_out_blocks": "0", "process_user_time": 1.836207}
[0m09:34:50.520586 [debug] [MainThread]: Command `dbt debug` failed at 09:34:50.520450 after 4.33 seconds
[0m09:34:50.521141 [debug] [MainThread]: Connection 'debug' was properly closed.
[0m09:34:50.521606 [debug] [MainThread]: Sending event: {'category': 'dbt', 'action': 'invocation', 'label': 'end', 'context': [<snowplow_tracker.self_describing_json.SelfDescribingJson object at 0x13372cc30>, <snowplow_tracker.self_describing_json.SelfDescribingJson object at 0x133717d10>, <snowplow_tracker.self_describing_json.SelfDescribingJson object at 0x1335f3ac0>]}
[0m09:34:50.522189 [debug] [MainThread]: Flushing usage events
[0m09:34:50.976062 [debug] [MainThread]: An error was encountered while trying to flush usage events
